<?xml version="1.0" encoding="utf-8"?><testsuites name="pytest tests"><testsuite name="pytest" errors="0" failures="1" skipped="0" tests="29" time="8.874" timestamp="2026-04-17T04:57:31.154822+00:00" hostname="agent-env-83f0b782-266c-4801-8526-13e1ef4d6783"><testcase classname="tests.test_ai_and_features.TestAIFeatures" name="test_get_mood_suggestions" time="0.435" /><testcase classname="tests.test_ai_and_features.TestAIFeatures" name="test_get_ai_summary" time="5.517" /><testcase classname="tests.test_ai_and_features.TestNotes" name="test_create_note" time="0.061" /><testcase classname="tests.test_ai_and_features.TestNotes" name="test_get_notes_for_chapter" time="0.101" /><testcase classname="tests.test_ai_and_features.TestNotes" name="test_update_note" time="0.143" /><testcase classname="tests.test_ai_and_features.TestNotes" name="test_delete_note" time="0.150" /><testcase classname="tests.test_ai_and_features.TestBadges" name="test_get_badges" time="0.047" /><testcase classname="tests.test_ai_and_features.TestSettings" name="test_get_settings" time="0.048" /><testcase classname="tests.test_ai_and_features.TestSettings" name="test_update_theme" time="0.099" /><testcase classname="tests.test_auth_and_bible.TestAuth" name="test_admin_login_success" time="0.272" /><testcase classname="tests.test_auth_and_bible.TestAuth" name="test_login_wrong_password" time="0.273" /><testcase classname="tests.test_auth_and_bible.TestAuth" name="test_register_new_user" time="0.272" /><testcase classname="tests.test_auth_and_bible.TestAuth" name="test_register_duplicate_email" time="0.050" /><testcase classname="tests.test_auth_and_bible.TestAuth" name="test_get_me_with_token" time="0.318" /><testcase classname="tests.test_auth_and_bible.TestAuth" name="test_get_me_without_token" time="0.046" /><testcase classname="tests.test_auth_and_bible.TestBibleData" name="test_get_daily_verse" time="0.048" /><testcase classname="tests.test_auth_and_bible.TestBibleData" name="test_get_books_list" time="0.047" /><testcase classname="tests.test_auth_and_bible.TestBibleData" name="test_get_chapter_genesis_1" time="0.206"><failure message="AssertionError: Genesis 1 should have verses&#10;assert 0 &gt; 0&#10; +  where 0 = len([])">tests/test_auth_and_bible.py:115: in test_get_chapter_genesis_1
    assert len(data["verses"]) &gt; 0, "Genesis 1 should have verses"
E   AssertionError: Genesis 1 should have verses
E   assert 0 &gt; 0
E    +  where 0 = len([])</failure></testcase><testcase classname="tests.test_auth_and_bible.TestBibleData" name="test_get_chapter_invalid_book" time="0.048" /><testcase classname="tests.test_auth_and_bible.TestBibleData" name="test_get_chapter_invalid_chapter_number" time="0.052" /><testcase classname="tests.test_plans_and_progress.TestReadingPlans" name="test_get_plans_list" time="0.047" /><testcase classname="tests.test_plans_and_progress.TestReadingPlans" name="test_activate_plan" time="0.054" /><testcase classname="tests.test_plans_and_progress.TestReadingPlans" name="test_get_active_plans" time="0.059" /><testcase classname="tests.test_plans_and_progress.TestReadingPlans" name="test_activate_duplicate_plan" time="0.048" /><testcase classname="tests.test_plans_and_progress.TestProgress" name="test_mark_chapter_read" time="0.117" /><testcase classname="tests.test_plans_and_progress.TestProgress" name="test_get_streak" time="0.062" /><testcase classname="tests.test_plans_and_progress.TestProgress" name="test_get_heatmap" time="0.062" /><testcase classname="tests.test_plans_and_progress.TestProgress" name="test_get_books_status" time="0.052" /><testcase classname="tests.test_plans_and_progress.TestProgress" name="test_dashboard_stats" time="0.048" /></testsuite></testsuites>