<?xml version="1.0" encoding="utf-8"?><testsuites name="pytest tests"><testsuite name="pytest" errors="0" failures="0" skipped="0" tests="20" time="3.234" timestamp="2026-04-17T07:14:24.711697+00:00" hostname="agent-env-83f0b782-266c-4801-8526-13e1ef4d6783"><testcase classname="tests.test_circles.TestCirclesCreate" name="test_create_public_circle" time="0.606" /><testcase classname="tests.test_circles.TestCirclesCreate" name="test_create_private_circle" time="0.073" /><testcase classname="tests.test_circles.TestCirclesCreate" name="test_create_circle_requires_auth" time="0.050" /><testcase classname="tests.test_circles.TestCirclesList" name="test_list_my_circles" time="0.117" /><testcase classname="tests.test_circles.TestCirclesList" name="test_list_circles_requires_auth" time="0.054" /><testcase classname="tests.test_circles.TestCirclesJoin" name="test_join_public_circle" time="0.402" /><testcase classname="tests.test_circles.TestCirclesJoin" name="test_join_private_circle_pending" time="0.104" /><testcase classname="tests.test_circles.TestCirclesJoin" name="test_join_invalid_code" time="0.053" /><testcase classname="tests.test_circles.TestCirclesJoin" name="test_join_already_member" time="0.115" /><testcase classname="tests.test_circles.TestCircleInvite" name="test_get_circle_by_invite" time="0.121" /><testcase classname="tests.test_circles.TestCircleInvite" name="test_get_circle_invalid_invite" time="0.055" /><testcase classname="tests.test_circles.TestCircleDetail" name="test_get_circle_detail" time="0.117" /><testcase classname="tests.test_circles.TestCircleDetail" name="test_get_circle_detail_not_member" time="0.112" /><testcase classname="tests.test_circles.TestCircleApproval" name="test_approve_member" time="0.369" /><testcase classname="tests.test_circles.TestCircleApproval" name="test_reject_member" time="0.165" /><testcase classname="tests.test_circles.TestCircleApproval" name="test_non_creator_cannot_approve" time="0.106" /><testcase classname="tests.test_circles.TestCircleLeaveDelete" name="test_leave_circle" time="0.164" /><testcase classname="tests.test_circles.TestCircleLeaveDelete" name="test_creator_cannot_leave" time="0.109" /><testcase classname="tests.test_circles.TestCircleLeaveDelete" name="test_delete_circle" time="0.156" /><testcase classname="tests.test_circles.TestCircleLeaveDelete" name="test_non_creator_cannot_delete" time="0.158" /></testsuite></testsuites>